app/build/intermediates/manifest_merge_blame_file/debug/manifest-merger-blame-debug-report.txt
1<?xml version="1.0" encoding="utf-8"?>
2<manifest xmlns:android="http://schemas.android.com/apk/res/android"
3    package="com.conneapp.assessment.myapplication"
4    android:versionCode="1"
5    android:versionName="1.0" >
6
7    <uses-sdk
8        android:minSdkVersion="21"
8-->src/main/AndroidManifest.xml
9        android:targetSdkVersion="32" />
9-->src/main/AndroidManifest.xml
10
11    <uses-permission android:name="android.permission.ACCESS_NETWORK_STATE" />
11-->src/main/AndroidManifest.xml:6:5-79
11-->src/main/AndroidManifest.xml:6:22-76
12    <uses-permission android:name="android.permission.INTERNET" />
12-->src/main/AndroidManifest.xml:7:5-67
12-->src/main/AndroidManifest.xml:7:22-64
13
14    <application
14-->src/main/AndroidManifest.xml:9:5-32:19
15        android:name="com.conneapp.assessment.myapplication.WeatherForecastApplication"
15-->src/main/AndroidManifest.xml:10:9-51
16        android:allowBackup="true"
16-->src/main/AndroidManifest.xml:11:9-35
17        android:appComponentFactory="androidx.core.app.CoreComponentFactory"
17-->[androidx.core:core:1.8.0] AndroidManifest.xml:24:18-86
18        android:dataExtractionRules="@xml/data_extraction_rules"
18-->src/main/AndroidManifest.xml:12:9-65
19        android:debuggable="true"
20        android:fullBackupContent="@xml/backup_rules"
20-->src/main/AndroidManifest.xml:13:9-54
21        android:icon="@mipmap/ic_launcher"
21-->src/main/AndroidManifest.xml:14:9-43
22        android:label="@string/app_name"
22-->src/main/AndroidManifest.xml:15:9-41
23        android:roundIcon="@mipmap/ic_launcher_round"
23-->src/main/AndroidManifest.xml:16:9-54
24        android:supportsRtl="true"
24-->src/main/AndroidManifest.xml:18:9-35
25        android:testOnly="true"
26        android:theme="@style/Theme.MyOpenWeatherApplication"
26-->src/main/AndroidManifest.xml:19:9-62
27        android:usesCleartextTraffic="true" >
27-->src/main/AndroidManifest.xml:17:9-44
28        <activity
28-->src/main/AndroidManifest.xml:22:9-30:20
29            android:name="com.conneapp.assessment.myapplication.MainActivity"
29-->src/main/AndroidManifest.xml:22:19-47
30            android:exported="true"
30-->src/main/AndroidManifest.xml:24:13-36
31            android:screenOrientation="portrait" >
31-->src/main/AndroidManifest.xml:23:13-49
32            <intent-filter>
32-->src/main/AndroidManifest.xml:25:13-29:29
33                <action android:name="android.intent.action.MAIN" />
33-->src/main/AndroidManifest.xml:26:17-69
33-->src/main/AndroidManifest.xml:26:25-66
34
35                <category android:name="android.intent.category.LAUNCHER" />
35-->src/main/AndroidManifest.xml:28:17-77
35-->src/main/AndroidManifest.xml:28:27-74
36            </intent-filter>
37        </activity>
38
39        <provider
39-->[androidx.emoji2:emoji2:1.0.0] AndroidManifest.xml:26:9-34:20
40            android:name="androidx.startup.InitializationProvider"
40-->[androidx.emoji2:emoji2:1.0.0] AndroidManifest.xml:27:13-67
41            android:authorities="com.conneapp.assessment.myapplication.androidx-startup"
41-->[androidx.emoji2:emoji2:1.0.0] AndroidManifest.xml:28:13-68
42            android:exported="false" >
42-->[androidx.emoji2:emoji2:1.0.0] AndroidManifest.xml:29:13-37
43            <meta-data
43-->[androidx.emoji2:emoji2:1.0.0] AndroidManifest.xml:31:13-33:52
44                android:name="androidx.emoji2.text.EmojiCompatInitializer"
44-->[androidx.emoji2:emoji2:1.0.0] AndroidManifest.xml:32:17-75
45                android:value="androidx.startup" />
45-->[androidx.emoji2:emoji2:1.0.0] AndroidManifest.xml:33:17-49
46            <meta-data
46-->[androidx.lifecycle:lifecycle-process:2.4.0] AndroidManifest.xml:31:13-33:52
47                android:name="androidx.lifecycle.ProcessLifecycleInitializer"
47-->[androidx.lifecycle:lifecycle-process:2.4.0] AndroidManifest.xml:32:17-78
48                android:value="androidx.startup" />
48-->[androidx.lifecycle:lifecycle-process:2.4.0] AndroidManifest.xml:33:17-49
49        </provider>
50    </application>
51
52</manifest>